# JRE version: OpenJDK Runtime Environment Temurin-17.0.11+9 (17.0.11+9) (build 17.0.11+9)
# Java VM: OpenJDK 64-Bit Server VM Temurin-17.0.11+9 (17.0.11+9, mixed mode, sharing, tiered, compressed oops, compressed class ptrs, g1 gc, windows-amd64)
GC Precious Log:
 CPUs: 12 total, 12 available
 Memory: 16022M
 Large Page Support: Disabled
 NUMA Support: Disabled
 Compressed Oops: Enabled (32-bit)
 Heap Region Size: 1M
 Heap Min Capacity: 256M
 Heap Initial Capacity: 256M
 Heap Max Capacity: 512M
 Pre-touch: Disabled
 Parallel Workers: 10
 Concurrent Workers: 3
 Concurrent Refinement Workers: 10
 Periodic GC: Disabled
Heap:
 garbage-first heap   total 262144K, used 139552K [0x00000000e0000000, 0x0000000100000000)
  region size 1024K, 109 young (111616K), 1 survivors (1024K)
 Metaspace       used 45513K, committed 46144K, reserved 393216K
  class space    used 6436K, committed 6720K, reserved 327680K
GC Heap History (14 events):
Event: 0.664 GC heap before
{Heap before GC invocations=0 (full 0):
 garbage-first heap   total 262144K, used 22528K [0x00000000e0000000, 0x0000000100000000)
  region size 1024K, 23 young (23552K), 0 survivors (0K)
 Metaspace       used 1119K, committed 1280K, reserved 393216K
  class space    used 73K, committed 128K, reserved 327680K
}
Event: 0.668 GC heap after
{Heap after GC invocations=1 (full 0):
 garbage-first heap   total 262144K, used 4682K [0x00000000e0000000, 0x0000000100000000)
  region size 1024K, 3 young (3072K), 3 survivors (3072K)
 Metaspace       used 1119K, committed 1280K, reserved 393216K
  class space    used 73K, committed 128K, reserved 327680K
}
Event: 1.421 GC heap before
{Heap before GC invocations=1 (full 0):
 garbage-first heap   total 262144K, used 40522K [0x00000000e0000000, 0x0000000100000000)
  region size 1024K, 35 young (35840K), 3 survivors (3072K)
 Metaspace       used 4541K, committed 4736K, reserved 393216K
  class space    used 572K, committed 640K, reserved 327680K
}
Event: 1.425 GC heap after
{Heap after GC invocations=2 (full 0):
 garbage-first heap   total 262144K, used 11096K [0x00000000e0000000, 0x0000000100000000)
  region size 1024K, 4 young (4096K), 4 survivors (4096K)
 Metaspace       used 4541K, committed 4736K, reserved 393216K
  class space    used 572K, committed 640K, reserved 327680K
}
Event: 2.652 GC heap before
{Heap before GC invocations=2 (full 0):
 garbage-first heap   total 262144K, used 60248K [0x00000000e0000000, 0x0000000100000000)
  region size 1024K, 50 young (51200K), 4 survivors (4096K)
 Metaspace       used 6191K, committed 6464K, reserved 393216K
  class space    used 826K, committed 960K, reserved 327680K
}
Event: 2.657 GC heap after
{Heap after GC invocations=3 (full 0):
 garbage-first heap   total 262144K, used 17786K [0x00000000e0000000, 0x0000000100000000)
  region size 1024K, 7 young (7168K), 7 survivors (7168K)
 Metaspace       used 6191K, committed 6464K, reserved 393216K
  class space    used 826K, committed 960K, reserved 327680K
}
Event: 5.125 GC heap before
{Heap before GC invocations=3 (full 0):
 garbage-first heap   total 262144K, used 108922K [0x00000000e0000000, 0x0000000100000000)
  region size 1024K, 96 young (98304K), 7 survivors (7168K)
 Metaspace       used 21226K, committed 21504K, reserved 393216K
  class space    used 2959K, committed 3072K, reserved 327680K
}
Event: 5.134 GC heap after
{Heap after GC invocations=4 (full 0):
 garbage-first heap   total 262144K, used 23483K [0x00000000e0000000, 0x0000000100000000)
  region size 1024K, 13 young (13312K), 13 survivors (13312K)
 Metaspace       used 21226K, committed 21504K, reserved 393216K
  class space    used 2959K, committed 3072K, reserved 327680K
}
Event: 7.390 GC heap before
{Heap before GC invocations=5 (full 0):
 garbage-first heap   total 262144K, used 138171K [0x00000000e0000000, 0x0000000100000000)
  region size 1024K, 127 young (130048K), 13 survivors (13312K)
 Metaspace       used 35494K, committed 35968K, reserved 393216K
  class space    used 4946K, committed 5120K, reserved 327680K
}
Event: 7.401 GC heap after
{Heap after GC invocations=6 (full 0):
 garbage-first heap   total 262144K, used 31816K [0x00000000e0000000, 0x0000000100000000)
  region size 1024K, 18 young (18432K), 18 survivors (18432K)
 Metaspace       used 35494K, committed 35968K, reserved 393216K
  class space    used 4946K, committed 5120K, reserved 327680K
}
Event: 7.418 GC heap before
{Heap before GC invocations=6 (full 0):
 garbage-first heap   total 262144K, used 32840K [0x00000000e0000000, 0x0000000100000000)
  region size 1024K, 19 young (19456K), 18 survivors (18432K)
 Metaspace       used 35651K, committed 36224K, reserved 393216K
  class space    used 4966K, committed 5248K, reserved 327680K
}
Event: 7.429 GC heap after
{Heap after GC invocations=7 (full 0):
 garbage-first heap   total 262144K, used 33046K [0x00000000e0000000, 0x0000000100000000)
  region size 1024K, 3 young (3072K), 3 survivors (3072K)
 Metaspace       used 35651K, committed 36224K, reserved 393216K
  class space    used 4966K, committed 5248K, reserved 327680K
}
Event: 7.454 GC heap before
{Heap before GC invocations=7 (full 0):
 garbage-first heap   total 262144K, used 34070K [0x00000000e0000000, 0x0000000100000000)
  region size 1024K, 5 young (5120K), 3 survivors (3072K)
 Metaspace       used 35825K, committed 36288K, reserved 393216K
  class space    used 5001K, committed 5248K, reserved 327680K
}
Event: 7.456 GC heap after
{Heap after GC invocations=8 (full 0):
 garbage-first heap   total 262144K, used 31008K [0x00000000e0000000, 0x0000000100000000)
  region size 1024K, 1 young (1024K), 1 survivors (1024K)
 Metaspace       used 35825K, committed 36288K, reserved 393216K
  class space    used 5001K, committed 5248K, reserved 327680K
}

