# JRE version: OpenJDK Runtime Environment Temurin-21.0.8+9 (21.0.8+9) (build 21.0.8+9-LTS)
# Java VM: OpenJDK 64-Bit Server VM Temurin-21.0.8+9 (21.0.8+9-LTS, mixed mode, sharing, tiered, compressed oops, compressed class ptrs, parallel gc, windows-amd64)
GC Precious Log:
 CardTable entry size: 512
 CPUs: 12 total, 12 available
 Memory: 16022M
 Large Page Support: Disabled
 NUMA Support: Disabled
 Compressed Oops: Enabled (32-bit)
 Alignments: Space 512K, Generation 512K, Heap 2M
 Heap Min Capacity: 100M
 Heap Initial Capacity: 100M
 Heap Max Capacity: 2G
 Pre-touch: Disabled
 Parallel Workers: 10
Heap:
 PSYoungGen      total 15872K, used 13391K [0x00000000d5580000, 0x00000000d6c00000, 0x0000000100000000)
  eden space 14848K, 85% used [0x00000000d5580000,0x00000000d61dbd48,0x00000000d6400000)
  from space 1024K, 71% used [0x00000000d6b00000,0x00000000d6bb8000,0x00000000d6c00000)
  to   space 1536K, 0% used [0x00000000d6900000,0x00000000d6900000,0x00000000d6a80000)
 ParOldGen       total 68608K, used 28515K [0x0000000080000000, 0x0000000084300000, 0x00000000d5580000)
  object space 68608K, 41% used [0x0000000080000000,0x0000000081bd8d00,0x0000000084300000)
 Metaspace       used 43685K, committed 44800K, reserved 1114112K
  class space    used 4942K, committed 5440K, reserved 1048576K
GC Heap History (20 events):
Event: 4.361 GC heap before
{Heap before GC invocations=11 (full 1):
 PSYoungGen      total 25600K, used 25382K [0x00000000d5580000, 0x00000000d7300000, 0x0000000100000000)
  eden space 23552K, 100% used [0x00000000d5580000,0x00000000d6c80000,0x00000000d6c80000)
  from space 2048K, 89% used [0x00000000d6f80000,0x00000000d7149a88,0x00000000d7180000)
  to   space 1536K, 0% used [0x00000000d7180000,0x00000000d7180000,0x00000000d7300000)
 ParOldGen       total 68608K, used 13493K [0x0000000080000000, 0x0000000084300000, 0x00000000d5580000)
  object space 68608K, 19% used [0x0000000080000000,0x0000000080d2d6e0,0x0000000084300000)
 Metaspace       used 28452K, committed 29376K, reserved 1114112K
  class space    used 2780K, committed 3200K, reserved 1048576K
}
Event: 4.363 GC heap after
{Heap after GC invocations=11 (full 1):
 PSYoungGen      total 24576K, used 1506K [0x00000000d5580000, 0x00000000d7300000, 0x0000000100000000)
  eden space 23040K, 0% used [0x00000000d5580000,0x00000000d5580000,0x00000000d6c00000)
  from space 1536K, 98% used [0x00000000d7180000,0x00000000d72f8a90,0x00000000d7300000)
  to   space 3072K, 0% used [0x00000000d6d00000,0x00000000d6d00000,0x00000000d7000000)
 ParOldGen       total 68608K, used 14783K [0x0000000080000000, 0x0000000084300000, 0x00000000d5580000)
  object space 68608K, 21% used [0x0000000080000000,0x0000000080e6fca8,0x0000000084300000)
 Metaspace       used 28452K, committed 29376K, reserved 1114112K
  class space    used 2780K, committed 3200K, reserved 1048576K
}
Event: 4.634 GC heap before
{Heap before GC invocations=12 (full 1):
 PSYoungGen      total 24576K, used 24546K [0x00000000d5580000, 0x00000000d7300000, 0x0000000100000000)
  eden space 23040K, 100% used [0x00000000d5580000,0x00000000d6c00000,0x00000000d6c00000)
  from space 1536K, 98% used [0x00000000d7180000,0x00000000d72f8a90,0x00000000d7300000)
  to   space 3072K, 0% used [0x00000000d6d00000,0x00000000d6d00000,0x00000000d7000000)
 ParOldGen       total 68608K, used 14783K [0x0000000080000000, 0x0000000084300000, 0x00000000d5580000)
  object space 68608K, 21% used [0x0000000080000000,0x0000000080e6fca8,0x0000000084300000)
 Metaspace       used 31731K, committed 32640K, reserved 1114112K
  class space    used 3222K, committed 3584K, reserved 1048576K
}
Event: 4.636 GC heap after
{Heap after GC invocations=12 (full 1):
 PSYoungGen      total 25600K, used 1422K [0x00000000d5580000, 0x00000000d7200000, 0x0000000100000000)
  eden space 22528K, 0% used [0x00000000d5580000,0x00000000d5580000,0x00000000d6b80000)
  from space 3072K, 46% used [0x00000000d6d00000,0x00000000d6e63810,0x00000000d7000000)
  to   space 2048K, 0% used [0x00000000d7000000,0x00000000d7000000,0x00000000d7200000)
 ParOldGen       total 68608K, used 16100K [0x0000000080000000, 0x0000000084300000, 0x00000000d5580000)
  object space 68608K, 23% used [0x0000000080000000,0x0000000080fb9200,0x0000000084300000)
 Metaspace       used 31731K, committed 32640K, reserved 1114112K
  class space    used 3222K, committed 3584K, reserved 1048576K
}
Event: 4.861 GC heap before
{Heap before GC invocations=13 (full 1):
 PSYoungGen      total 25600K, used 23950K [0x00000000d5580000, 0x00000000d7200000, 0x0000000100000000)
  eden space 22528K, 100% used [0x00000000d5580000,0x00000000d6b80000,0x00000000d6b80000)
  from space 3072K, 46% used [0x00000000d6d00000,0x00000000d6e63810,0x00000000d7000000)
  to   space 2048K, 0% used [0x00000000d7000000,0x00000000d7000000,0x00000000d7200000)
 ParOldGen       total 68608K, used 16100K [0x0000000080000000, 0x0000000084300000, 0x00000000d5580000)
  object space 68608K, 23% used [0x0000000080000000,0x0000000080fb9200,0x0000000084300000)
 Metaspace       used 34514K, committed 35648K, reserved 1114112K
  class space    used 3590K, committed 4096K, reserved 1048576K
}
Event: 4.863 GC heap after
{Heap after GC invocations=13 (full 1):
 PSYoungGen      total 24064K, used 1964K [0x00000000d5580000, 0x00000000d7200000, 0x0000000100000000)
  eden space 22016K, 0% used [0x00000000d5580000,0x00000000d5580000,0x00000000d6b00000)
  from space 2048K, 95% used [0x00000000d7000000,0x00000000d71eb250,0x00000000d7200000)
  to   space 2560K, 0% used [0x00000000d6d00000,0x00000000d6d00000,0x00000000d6f80000)
 ParOldGen       total 68608K, used 17235K [0x0000000080000000, 0x0000000084300000, 0x00000000d5580000)
  object space 68608K, 25% used [0x0000000080000000,0x00000000810d4c38,0x0000000084300000)
 Metaspace       used 34514K, committed 35648K, reserved 1114112K
  class space    used 3590K, committed 4096K, reserved 1048576K
}
Event: 4.885 GC heap before
{Heap before GC invocations=14 (full 1):
 PSYoungGen      total 24064K, used 4521K [0x00000000d5580000, 0x00000000d7200000, 0x0000000100000000)
  eden space 22016K, 11% used [0x00000000d5580000,0x00000000d57ff528,0x00000000d6b00000)
  from space 2048K, 95% used [0x00000000d7000000,0x00000000d71eb250,0x00000000d7200000)
  to   space 2560K, 0% used [0x00000000d6d00000,0x00000000d6d00000,0x00000000d6f80000)
 ParOldGen       total 68608K, used 17235K [0x0000000080000000, 0x0000000084300000, 0x00000000d5580000)
  object space 68608K, 25% used [0x0000000080000000,0x00000000810d4c38,0x0000000084300000)
 Metaspace       used 34748K, committed 35840K, reserved 1114112K
  class space    used 3624K, committed 4160K, reserved 1048576K
}
Event: 4.887 GC heap after
{Heap after GC invocations=14 (full 1):
 PSYoungGen      total 23040K, used 682K [0x00000000d5580000, 0x00000000d7080000, 0x0000000100000000)
  eden space 22016K, 0% used [0x00000000d5580000,0x00000000d5580000,0x00000000d6b00000)
  from space 1024K, 66% used [0x00000000d6d00000,0x00000000d6daa910,0x00000000d6e00000)
  to   space 1536K, 0% used [0x00000000d6f00000,0x00000000d6f00000,0x00000000d7080000)
 ParOldGen       total 68608K, used 18638K [0x0000000080000000, 0x0000000084300000, 0x00000000d5580000)
  object space 68608K, 27% used [0x0000000080000000,0x0000000081233a48,0x0000000084300000)
 Metaspace       used 34748K, committed 35840K, reserved 1114112K
  class space    used 3624K, committed 4160K, reserved 1048576K
}
Event: 4.887 GC heap before
{Heap before GC invocations=15 (full 2):
 PSYoungGen      total 23040K, used 682K [0x00000000d5580000, 0x00000000d7080000, 0x0000000100000000)
  eden space 22016K, 0% used [0x00000000d5580000,0x00000000d5580000,0x00000000d6b00000)
  from space 1024K, 66% used [0x00000000d6d00000,0x00000000d6daa910,0x00000000d6e00000)
  to   space 1536K, 0% used [0x00000000d6f00000,0x00000000d6f00000,0x00000000d7080000)
 ParOldGen       total 68608K, used 18638K [0x0000000080000000, 0x0000000084300000, 0x00000000d5580000)
  object space 68608K, 27% used [0x0000000080000000,0x0000000081233a48,0x0000000084300000)
 Metaspace       used 34748K, committed 35840K, reserved 1114112K
  class space    used 3624K, committed 4160K, reserved 1048576K
}
Event: 4.914 GC heap after
{Heap after GC invocations=15 (full 2):
 PSYoungGen      total 23040K, used 0K [0x00000000d5580000, 0x00000000d7080000, 0x0000000100000000)
  eden space 22016K, 0% used [0x00000000d5580000,0x00000000d5580000,0x00000000d6b00000)
  from space 1024K, 0% used [0x00000000d6d00000,0x00000000d6d00000,0x00000000d6e00000)
  to   space 1536K, 0% used [0x00000000d6f00000,0x00000000d6f00000,0x00000000d7080000)
 ParOldGen       total 68608K, used 18531K [0x0000000080000000, 0x0000000084300000, 0x00000000d5580000)
  object space 68608K, 27% used [0x0000000080000000,0x0000000081218d28,0x0000000084300000)
 Metaspace       used 34748K, committed 35840K, reserved 1114112K
  class space    used 3624K, committed 4160K, reserved 1048576K
}
Event: 5.110 GC heap before
{Heap before GC invocations=16 (full 2):
 PSYoungGen      total 23040K, used 22016K [0x00000000d5580000, 0x00000000d7080000, 0x0000000100000000)
  eden space 22016K, 100% used [0x00000000d5580000,0x00000000d6b00000,0x00000000d6b00000)
  from space 1024K, 0% used [0x00000000d6d00000,0x00000000d6d00000,0x00000000d6e00000)
  to   space 1536K, 0% used [0x00000000d6f00000,0x00000000d6f00000,0x00000000d7080000)
 ParOldGen       total 68608K, used 18531K [0x0000000080000000, 0x0000000084300000, 0x00000000d5580000)
  object space 68608K, 27% used [0x0000000080000000,0x0000000081218d28,0x0000000084300000)
 Metaspace       used 36597K, committed 37696K, reserved 1114112K
  class space    used 3904K, committed 4416K, reserved 1048576K
}
Event: 5.111 GC heap after
{Heap after GC invocations=16 (full 2):
 PSYoungGen      total 23040K, used 800K [0x00000000d5580000, 0x00000000d7000000, 0x0000000100000000)
  eden space 22016K, 0% used [0x00000000d5580000,0x00000000d5580000,0x00000000d6b00000)
  from space 1024K, 78% used [0x00000000d6f00000,0x00000000d6fc8000,0x00000000d7000000)
  to   space 1024K, 0% used [0x00000000d6d00000,0x00000000d6d00000,0x00000000d6e00000)
 ParOldGen       total 68608K, used 18539K [0x0000000080000000, 0x0000000084300000, 0x00000000d5580000)
  object space 68608K, 27% used [0x0000000080000000,0x000000008121ad28,0x0000000084300000)
 Metaspace       used 36597K, committed 37696K, reserved 1114112K
  class space    used 3904K, committed 4416K, reserved 1048576K
}
Event: 5.264 GC heap before
{Heap before GC invocations=17 (full 2):
 PSYoungGen      total 23040K, used 22801K [0x00000000d5580000, 0x00000000d7000000, 0x0000000100000000)
  eden space 22016K, 99% used [0x00000000d5580000,0x00000000d6afc510,0x00000000d6b00000)
  from space 1024K, 78% used [0x00000000d6f00000,0x00000000d6fc8000,0x00000000d7000000)
  to   space 1024K, 0% used [0x00000000d6d00000,0x00000000d6d00000,0x00000000d6e00000)
 ParOldGen       total 68608K, used 18539K [0x0000000080000000, 0x0000000084300000, 0x00000000d5580000)
  object space 68608K, 27% used [0x0000000080000000,0x000000008121ad28,0x0000000084300000)
 Metaspace       used 38591K, committed 39680K, reserved 1114112K
  class space    used 4187K, committed 4672K, reserved 1048576K
}
Event: 5.265 GC heap after
{Heap after GC invocations=17 (full 2):
 PSYoungGen      total 23040K, used 928K [0x00000000d5580000, 0x00000000d6f80000, 0x0000000100000000)
  eden space 22016K, 0% used [0x00000000d5580000,0x00000000d5580000,0x00000000d6b00000)
  from space 1024K, 90% used [0x00000000d6d00000,0x00000000d6de8000,0x00000000d6e00000)
  to   space 1024K, 0% used [0x00000000d6e80000,0x00000000d6e80000,0x00000000d6f80000)
 ParOldGen       total 68608K, used 19111K [0x0000000080000000, 0x0000000084300000, 0x00000000d5580000)
  object space 68608K, 27% used [0x0000000080000000,0x00000000812a9e28,0x0000000084300000)
 Metaspace       used 38591K, committed 39680K, reserved 1114112K
  class space    used 4187K, committed 4672K, reserved 1048576K
}
Event: 5.416 GC heap before
{Heap before GC invocations=18 (full 2):
 PSYoungGen      total 23040K, used 22944K [0x00000000d5580000, 0x00000000d6f80000, 0x0000000100000000)
  eden space 22016K, 100% used [0x00000000d5580000,0x00000000d6b00000,0x00000000d6b00000)
  from space 1024K, 90% used [0x00000000d6d00000,0x00000000d6de8000,0x00000000d6e00000)
  to   space 1024K, 0% used [0x00000000d6e80000,0x00000000d6e80000,0x00000000d6f80000)
 ParOldGen       total 68608K, used 19111K [0x0000000080000000, 0x0000000084300000, 0x00000000d5580000)
  object space 68608K, 27% used [0x0000000080000000,0x00000000812a9e28,0x0000000084300000)
 Metaspace       used 39699K, committed 40768K, reserved 1114112K
  class space    used 4341K, committed 4800K, reserved 1048576K
}
Event: 5.419 GC heap after
{Heap after GC invocations=18 (full 2):
 PSYoungGen      total 15872K, used 1008K [0x00000000d5580000, 0x00000000d8000000, 0x0000000100000000)
  eden space 14848K, 0% used [0x00000000d5580000,0x00000000d5580000,0x00000000d6400000)
  from space 1024K, 98% used [0x00000000d6e80000,0x00000000d6f7c270,0x00000000d6f80000)
  to   space 10752K, 0% used [0x00000000d6400000,0x00000000d6400000,0x00000000d6e80000)
 ParOldGen       total 68608K, used 27096K [0x0000000080000000, 0x0000000084300000, 0x00000000d5580000)
  object space 68608K, 39% used [0x0000000080000000,0x0000000081a76210,0x0000000084300000)
 Metaspace       used 39699K, committed 40768K, reserved 1114112K
  class space    used 4341K, committed 4800K, reserved 1048576K
}
Event: 5.532 GC heap before
{Heap before GC invocations=19 (full 2):
 PSYoungGen      total 15872K, used 15856K [0x00000000d5580000, 0x00000000d8000000, 0x0000000100000000)
  eden space 14848K, 100% used [0x00000000d5580000,0x00000000d6400000,0x00000000d6400000)
  from space 1024K, 98% used [0x00000000d6e80000,0x00000000d6f7c270,0x00000000d6f80000)
  to   space 10752K, 0% used [0x00000000d6400000,0x00000000d6400000,0x00000000d6e80000)
 ParOldGen       total 68608K, used 27096K [0x0000000080000000, 0x0000000084300000, 0x00000000d5580000)
  object space 68608K, 39% used [0x0000000080000000,0x0000000081a76210,0x0000000084300000)
 Metaspace       used 41322K, committed 42368K, reserved 1114112K
  class space    used 4576K, committed 5056K, reserved 1048576K
}
Event: 5.533 GC heap after
{Heap after GC invocations=19 (full 2):
 PSYoungGen      total 15872K, used 608K [0x00000000d5580000, 0x00000000d6f00000, 0x0000000100000000)
  eden space 14848K, 0% used [0x00000000d5580000,0x00000000d5580000,0x00000000d6400000)
  from space 1024K, 59% used [0x00000000d6400000,0x00000000d6498000,0x00000000d6500000)
  to   space 4096K, 0% used [0x00000000d6b00000,0x00000000d6b00000,0x00000000d6f00000)
 ParOldGen       total 68608K, used 28115K [0x0000000080000000, 0x0000000084300000, 0x00000000d5580000)
  object space 68608K, 40% used [0x0000000080000000,0x0000000081b74d00,0x0000000084300000)
 Metaspace       used 41322K, committed 42368K, reserved 1114112K
  class space    used 4576K, committed 5056K, reserved 1048576K
}
Event: 5.639 GC heap before
{Heap before GC invocations=20 (full 2):
 PSYoungGen      total 15872K, used 15456K [0x00000000d5580000, 0x00000000d6f00000, 0x0000000100000000)
  eden space 14848K, 100% used [0x00000000d5580000,0x00000000d6400000,0x00000000d6400000)
  from space 1024K, 59% used [0x00000000d6400000,0x00000000d6498000,0x00000000d6500000)
  to   space 4096K, 0% used [0x00000000d6b00000,0x00000000d6b00000,0x00000000d6f00000)
 ParOldGen       total 68608K, used 28115K [0x0000000080000000, 0x0000000084300000, 0x00000000d5580000)
  object space 68608K, 40% used [0x0000000080000000,0x0000000081b74d00,0x0000000084300000)
 Metaspace       used 42746K, committed 43904K, reserved 1114112K
  class space    used 4806K, committed 5312K, reserved 1048576K
}
Event: 5.641 GC heap after
{Heap after GC invocations=20 (full 2):
 PSYoungGen      total 15872K, used 736K [0x00000000d5580000, 0x00000000d6c00000, 0x0000000100000000)
  eden space 14848K, 0% used [0x00000000d5580000,0x00000000d5580000,0x00000000d6400000)
  from space 1024K, 71% used [0x00000000d6b00000,0x00000000d6bb8000,0x00000000d6c00000)
  to   space 1536K, 0% used [0x00000000d6900000,0x00000000d6900000,0x00000000d6a80000)
 ParOldGen       total 68608K, used 28515K [0x0000000080000000, 0x0000000084300000, 0x00000000d5580000)
  object space 68608K, 41% used [0x0000000080000000,0x0000000081bd8d00,0x0000000084300000)
 Metaspace       used 42746K, committed 43904K, reserved 1114112K
  class space    used 4806K, committed 5312K, reserved 1048576K
}

