# JRE version: OpenJDK Runtime Environment Temurin-21.0.8+9 (21.0.8+9) (build 21.0.8+9-LTS)
# Java VM: OpenJDK 64-Bit Server VM Temurin-21.0.8+9 (21.0.8+9-LTS, mixed mode, sharing, tiered, compressed oops, compressed class ptrs, parallel gc, windows-amd64)
GC Precious Log:
 CardTable entry size: 512
 CPUs: 12 total, 12 available
 Memory: 16022M
 Large Page Support: Disabled
 NUMA Support: Disabled
 Compressed Oops: Enabled (32-bit)
 Alignments: Space 512K, Generation 512K, Heap 2M
 Heap Min Capacity: 100M
 Heap Initial Capacity: 100M
 Heap Max Capacity: 2G
 Pre-touch: Disabled
 Parallel Workers: 10
Heap:
 PSYoungGen      total 22016K, used 8107K [0x00000000d5580000, 0x00000000d7200000, 0x0000000100000000)
  eden space 20992K, 34% used [0x00000000d5580000,0x00000000d5c9ed48,0x00000000d6a00000)
  from space 1024K, 79% used [0x00000000d7100000,0x00000000d71cc020,0x00000000d7200000)
  to   space 2560K, 0% used [0x00000000d6d00000,0x00000000d6d00000,0x00000000d6f80000)
 ParOldGen       total 68608K, used 38006K [0x0000000080000000, 0x0000000084300000, 0x00000000d5580000)
  object space 68608K, 55% used [0x0000000080000000,0x000000008251d800,0x0000000084300000)
 Metaspace       used 53445K, committed 54720K, reserved 1114112K
  class space    used 6355K, committed 6912K, reserved 1048576K
GC Heap History (20 events):
Event: 5.739 GC heap before
{Heap before GC invocations=17 (full 2):
 PSYoungGen      total 23552K, used 23552K [0x00000000d5580000, 0x00000000d7100000, 0x0000000100000000)
  eden space 22016K, 100% used [0x00000000d5580000,0x00000000d6b00000,0x00000000d6b00000)
  from space 1536K, 100% used [0x00000000d6f80000,0x00000000d7100000,0x00000000d7100000)
  to   space 2048K, 0% used [0x00000000d6d00000,0x00000000d6d00000,0x00000000d6f00000)
 ParOldGen       total 68608K, used 17885K [0x0000000080000000, 0x0000000084300000, 0x00000000d5580000)
  object space 68608K, 26% used [0x0000000080000000,0x00000000811776e0,0x0000000084300000)
 Metaspace       used 39322K, committed 40448K, reserved 1114112K
  class space    used 4292K, committed 4736K, reserved 1048576K
}
Event: 5.741 GC heap after
{Heap after GC invocations=17 (full 2):
 PSYoungGen      total 23040K, used 992K [0x00000000d5580000, 0x00000000d7000000, 0x0000000100000000)
  eden space 22016K, 0% used [0x00000000d5580000,0x00000000d5580000,0x00000000d6b00000)
  from space 1024K, 96% used [0x00000000d6d00000,0x00000000d6df8000,0x00000000d6e00000)
  to   space 1536K, 0% used [0x00000000d6e80000,0x00000000d6e80000,0x00000000d7000000)
 ParOldGen       total 68608K, used 19373K [0x0000000080000000, 0x0000000084300000, 0x00000000d5580000)
  object space 68608K, 28% used [0x0000000080000000,0x00000000812eb6e0,0x0000000084300000)
 Metaspace       used 39322K, committed 40448K, reserved 1114112K
  class space    used 4292K, committed 4736K, reserved 1048576K
}
Event: 5.938 GC heap before
{Heap before GC invocations=18 (full 2):
 PSYoungGen      total 23040K, used 23008K [0x00000000d5580000, 0x00000000d7000000, 0x0000000100000000)
  eden space 22016K, 100% used [0x00000000d5580000,0x00000000d6b00000,0x00000000d6b00000)
  from space 1024K, 96% used [0x00000000d6d00000,0x00000000d6df8000,0x00000000d6e00000)
  to   space 1536K, 0% used [0x00000000d6e80000,0x00000000d6e80000,0x00000000d7000000)
 ParOldGen       total 68608K, used 19373K [0x0000000080000000, 0x0000000084300000, 0x00000000d5580000)
  object space 68608K, 28% used [0x0000000080000000,0x00000000812eb6e0,0x0000000084300000)
 Metaspace       used 41221K, committed 42304K, reserved 1114112K
  class space    used 4534K, committed 4992K, reserved 1048576K
}
Event: 5.940 GC heap after
{Heap after GC invocations=18 (full 2):
 PSYoungGen      total 22528K, used 1526K [0x00000000d5580000, 0x00000000d7400000, 0x0000000100000000)
  eden space 20992K, 0% used [0x00000000d5580000,0x00000000d5580000,0x00000000d6a00000)
  from space 1536K, 99% used [0x00000000d6e80000,0x00000000d6ffd9f8,0x00000000d7000000)
  to   space 4608K, 0% used [0x00000000d6a00000,0x00000000d6a00000,0x00000000d6e80000)
 ParOldGen       total 68608K, used 21663K [0x0000000080000000, 0x0000000084300000, 0x00000000d5580000)
  object space 68608K, 31% used [0x0000000080000000,0x0000000081527cd8,0x0000000084300000)
 Metaspace       used 41221K, committed 42304K, reserved 1114112K
  class space    used 4534K, committed 4992K, reserved 1048576K
}
Event: 6.093 GC heap before
{Heap before GC invocations=19 (full 2):
 PSYoungGen      total 22528K, used 22518K [0x00000000d5580000, 0x00000000d7400000, 0x0000000100000000)
  eden space 20992K, 100% used [0x00000000d5580000,0x00000000d6a00000,0x00000000d6a00000)
  from space 1536K, 99% used [0x00000000d6e80000,0x00000000d6ffd9f8,0x00000000d7000000)
  to   space 4608K, 0% used [0x00000000d6a00000,0x00000000d6a00000,0x00000000d6e80000)
 ParOldGen       total 68608K, used 21663K [0x0000000080000000, 0x0000000084300000, 0x00000000d5580000)
  object space 68608K, 31% used [0x0000000080000000,0x0000000081527cd8,0x0000000084300000)
 Metaspace       used 42787K, committed 43904K, reserved 1114112K
  class space    used 4751K, committed 5248K, reserved 1048576K
}
Event: 6.095 GC heap after
{Heap after GC invocations=19 (full 2):
 PSYoungGen      total 25600K, used 4594K [0x00000000d5580000, 0x00000000d7c00000, 0x0000000100000000)
  eden space 20992K, 0% used [0x00000000d5580000,0x00000000d5580000,0x00000000d6a00000)
  from space 4608K, 99% used [0x00000000d6a00000,0x00000000d6e7ca10,0x00000000d6e80000)
  to   space 9216K, 0% used [0x00000000d7300000,0x00000000d7300000,0x00000000d7c00000)
 ParOldGen       total 68608K, used 25048K [0x0000000080000000, 0x0000000084300000, 0x00000000d5580000)
  object space 68608K, 36% used [0x0000000080000000,0x0000000081876170,0x0000000084300000)
 Metaspace       used 42787K, committed 43904K, reserved 1114112K
  class space    used 4751K, committed 5248K, reserved 1048576K
}
Event: 6.290 GC heap before
{Heap before GC invocations=20 (full 2):
 PSYoungGen      total 25600K, used 25586K [0x00000000d5580000, 0x00000000d7c00000, 0x0000000100000000)
  eden space 20992K, 100% used [0x00000000d5580000,0x00000000d6a00000,0x00000000d6a00000)
  from space 4608K, 99% used [0x00000000d6a00000,0x00000000d6e7ca10,0x00000000d6e80000)
  to   space 9216K, 0% used [0x00000000d7300000,0x00000000d7300000,0x00000000d7c00000)
 ParOldGen       total 68608K, used 25048K [0x0000000080000000, 0x0000000084300000, 0x00000000d5580000)
  object space 68608K, 36% used [0x0000000080000000,0x0000000081876170,0x0000000084300000)
 Metaspace       used 44920K, committed 46080K, reserved 1114112K
  class space    used 5085K, committed 5632K, reserved 1048576K
}
Event: 6.293 GC heap after
{Heap after GC invocations=20 (full 2):
 PSYoungGen      total 22528K, used 1056K [0x00000000d5580000, 0x00000000d7480000, 0x0000000100000000)
  eden space 20992K, 0% used [0x00000000d5580000,0x00000000d5580000,0x00000000d6a00000)
  from space 1536K, 68% used [0x00000000d7300000,0x00000000d7408000,0x00000000d7480000)
  to   space 3584K, 0% used [0x00000000d6d80000,0x00000000d6d80000,0x00000000d7100000)
 ParOldGen       total 68608K, used 29617K [0x0000000080000000, 0x0000000084300000, 0x00000000d5580000)
  object space 68608K, 43% used [0x0000000080000000,0x0000000081cec438,0x0000000084300000)
 Metaspace       used 44920K, committed 46080K, reserved 1114112K
  class space    used 5085K, committed 5632K, reserved 1048576K
}
Event: 6.585 GC heap before
{Heap before GC invocations=21 (full 2):
 PSYoungGen      total 22528K, used 22042K [0x00000000d5580000, 0x00000000d7480000, 0x0000000100000000)
  eden space 20992K, 99% used [0x00000000d5580000,0x00000000d69fe9f8,0x00000000d6a00000)
  from space 1536K, 68% used [0x00000000d7300000,0x00000000d7408000,0x00000000d7480000)
  to   space 3584K, 0% used [0x00000000d6d80000,0x00000000d6d80000,0x00000000d7100000)
 ParOldGen       total 68608K, used 29617K [0x0000000080000000, 0x0000000084300000, 0x00000000d5580000)
  object space 68608K, 43% used [0x0000000080000000,0x0000000081cec438,0x0000000084300000)
 Metaspace       used 46850K, committed 48064K, reserved 1114112K
  class space    used 5381K, committed 5952K, reserved 1048576K
}
Event: 6.587 GC heap after
{Heap after GC invocations=21 (full 2):
 PSYoungGen      total 24576K, used 1202K [0x00000000d5580000, 0x00000000d7380000, 0x0000000100000000)
  eden space 20992K, 0% used [0x00000000d5580000,0x00000000d5580000,0x00000000d6a00000)
  from space 3584K, 33% used [0x00000000d6d80000,0x00000000d6eacb80,0x00000000d7100000)
  to   space 2048K, 0% used [0x00000000d7180000,0x00000000d7180000,0x00000000d7380000)
 ParOldGen       total 68608K, used 30433K [0x0000000080000000, 0x0000000084300000, 0x00000000d5580000)
  object space 68608K, 44% used [0x0000000080000000,0x0000000081db8458,0x0000000084300000)
 Metaspace       used 46850K, committed 48064K, reserved 1114112K
  class space    used 5381K, committed 5952K, reserved 1048576K
}
Event: 6.828 GC heap before
{Heap before GC invocations=22 (full 2):
 PSYoungGen      total 24576K, used 22194K [0x00000000d5580000, 0x00000000d7380000, 0x0000000100000000)
  eden space 20992K, 100% used [0x00000000d5580000,0x00000000d6a00000,0x00000000d6a00000)
  from space 3584K, 33% used [0x00000000d6d80000,0x00000000d6eacb80,0x00000000d7100000)
  to   space 2048K, 0% used [0x00000000d7180000,0x00000000d7180000,0x00000000d7380000)
 ParOldGen       total 68608K, used 30433K [0x0000000080000000, 0x0000000084300000, 0x00000000d5580000)
  object space 68608K, 44% used [0x0000000080000000,0x0000000081db8458,0x0000000084300000)
 Metaspace       used 47945K, committed 49152K, reserved 1114112K
  class space    used 5511K, committed 6080K, reserved 1048576K
}
Event: 6.831 GC heap after
{Heap after GC invocations=22 (full 2):
 PSYoungGen      total 22528K, used 1120K [0x00000000d5580000, 0x00000000d7300000, 0x0000000100000000)
  eden space 20992K, 0% used [0x00000000d5580000,0x00000000d5580000,0x00000000d6a00000)
  from space 1536K, 72% used [0x00000000d7180000,0x00000000d7298000,0x00000000d7300000)
  to   space 1536K, 0% used [0x00000000d7000000,0x00000000d7000000,0x00000000d7180000)
 ParOldGen       total 68608K, used 31441K [0x0000000080000000, 0x0000000084300000, 0x00000000d5580000)
  object space 68608K, 45% used [0x0000000080000000,0x0000000081eb4468,0x0000000084300000)
 Metaspace       used 47945K, committed 49152K, reserved 1114112K
  class space    used 5511K, committed 6080K, reserved 1048576K
}
Event: 7.078 GC heap before
{Heap before GC invocations=23 (full 2):
 PSYoungGen      total 22528K, used 22112K [0x00000000d5580000, 0x00000000d7300000, 0x0000000100000000)
  eden space 20992K, 100% used [0x00000000d5580000,0x00000000d6a00000,0x00000000d6a00000)
  from space 1536K, 72% used [0x00000000d7180000,0x00000000d7298000,0x00000000d7300000)
  to   space 1536K, 0% used [0x00000000d7000000,0x00000000d7000000,0x00000000d7180000)
 ParOldGen       total 68608K, used 31441K [0x0000000080000000, 0x0000000084300000, 0x00000000d5580000)
  object space 68608K, 45% used [0x0000000080000000,0x0000000081eb4468,0x0000000084300000)
 Metaspace       used 49254K, committed 50368K, reserved 1114112K
  class space    used 5655K, committed 6144K, reserved 1048576K
}
Event: 7.080 GC heap after
{Heap after GC invocations=23 (full 2):
 PSYoungGen      total 22016K, used 944K [0x00000000d5580000, 0x00000000d7200000, 0x0000000100000000)
  eden space 20992K, 0% used [0x00000000d5580000,0x00000000d5580000,0x00000000d6a00000)
  from space 1024K, 92% used [0x00000000d7000000,0x00000000d70ec010,0x00000000d7100000)
  to   space 1024K, 0% used [0x00000000d7100000,0x00000000d7100000,0x00000000d7200000)
 ParOldGen       total 68608K, used 32324K [0x0000000080000000, 0x0000000084300000, 0x00000000d5580000)
  object space 68608K, 47% used [0x0000000080000000,0x0000000081f911f0,0x0000000084300000)
 Metaspace       used 49254K, committed 50368K, reserved 1114112K
  class space    used 5655K, committed 6144K, reserved 1048576K
}
Event: 7.363 GC heap before
{Heap before GC invocations=24 (full 2):
 PSYoungGen      total 22016K, used 21918K [0x00000000d5580000, 0x00000000d7200000, 0x0000000100000000)
  eden space 20992K, 99% used [0x00000000d5580000,0x00000000d69fb8c8,0x00000000d6a00000)
  from space 1024K, 92% used [0x00000000d7000000,0x00000000d70ec010,0x00000000d7100000)
  to   space 1024K, 0% used [0x00000000d7100000,0x00000000d7100000,0x00000000d7200000)
 ParOldGen       total 68608K, used 32324K [0x0000000080000000, 0x0000000084300000, 0x00000000d5580000)
  object space 68608K, 47% used [0x0000000080000000,0x0000000081f911f0,0x0000000084300000)
 Metaspace       used 49850K, committed 51072K, reserved 1114112K
  class space    used 5716K, committed 6208K, reserved 1048576K
}
Event: 7.364 GC heap after
{Heap after GC invocations=24 (full 2):
 PSYoungGen      total 22016K, used 928K [0x00000000d5580000, 0x00000000d7200000, 0x0000000100000000)
  eden space 20992K, 0% used [0x00000000d5580000,0x00000000d5580000,0x00000000d6a00000)
  from space 1024K, 90% used [0x00000000d7100000,0x00000000d71e8000,0x00000000d7200000)
  to   space 1024K, 0% used [0x00000000d7000000,0x00000000d7000000,0x00000000d7100000)
 ParOldGen       total 68608K, used 33082K [0x0000000080000000, 0x0000000084300000, 0x00000000d5580000)
  object space 68608K, 48% used [0x0000000080000000,0x000000008204eba8,0x0000000084300000)
 Metaspace       used 49850K, committed 51072K, reserved 1114112K
  class space    used 5716K, committed 6208K, reserved 1048576K
}
Event: 7.597 GC heap before
{Heap before GC invocations=25 (full 2):
 PSYoungGen      total 22016K, used 21920K [0x00000000d5580000, 0x00000000d7200000, 0x0000000100000000)
  eden space 20992K, 100% used [0x00000000d5580000,0x00000000d6a00000,0x00000000d6a00000)
  from space 1024K, 90% used [0x00000000d7100000,0x00000000d71e8000,0x00000000d7200000)
  to   space 1024K, 0% used [0x00000000d7000000,0x00000000d7000000,0x00000000d7100000)
 ParOldGen       total 68608K, used 33082K [0x0000000080000000, 0x0000000084300000, 0x00000000d5580000)
  object space 68608K, 48% used [0x0000000080000000,0x000000008204eba8,0x0000000084300000)
 Metaspace       used 50357K, committed 51584K, reserved 1114112K
  class space    used 5828K, committed 6336K, reserved 1048576K
}
Event: 7.599 GC heap after
{Heap after GC invocations=25 (full 2):
 PSYoungGen      total 22016K, used 1012K [0x00000000d5580000, 0x00000000d7500000, 0x0000000100000000)
  eden space 20992K, 0% used [0x00000000d5580000,0x00000000d5580000,0x00000000d6a00000)
  from space 1024K, 98% used [0x00000000d7000000,0x00000000d70fd0d0,0x00000000d7100000)
  to   space 4096K, 0% used [0x00000000d7100000,0x00000000d7100000,0x00000000d7500000)
 ParOldGen       total 68608K, used 36989K [0x0000000080000000, 0x0000000084300000, 0x00000000d5580000)
  object space 68608K, 53% used [0x0000000080000000,0x000000008241f568,0x0000000084300000)
 Metaspace       used 50357K, committed 51584K, reserved 1114112K
  class space    used 5828K, committed 6336K, reserved 1048576K
}
Event: 7.956 GC heap before
{Heap before GC invocations=26 (full 2):
 PSYoungGen      total 22016K, used 22004K [0x00000000d5580000, 0x00000000d7500000, 0x0000000100000000)
  eden space 20992K, 100% used [0x00000000d5580000,0x00000000d6a00000,0x00000000d6a00000)
  from space 1024K, 98% used [0x00000000d7000000,0x00000000d70fd0d0,0x00000000d7100000)
  to   space 4096K, 0% used [0x00000000d7100000,0x00000000d7100000,0x00000000d7500000)
 ParOldGen       total 68608K, used 36989K [0x0000000080000000, 0x0000000084300000, 0x00000000d5580000)
  object space 68608K, 53% used [0x0000000080000000,0x000000008241f568,0x0000000084300000)
 Metaspace       used 52648K, committed 54016K, reserved 1114112K
  class space    used 6210K, committed 6784K, reserved 1048576K
}
Event: 7.959 GC heap after
{Heap after GC invocations=26 (full 2):
 PSYoungGen      total 22016K, used 816K [0x00000000d5580000, 0x00000000d7200000, 0x0000000100000000)
  eden space 20992K, 0% used [0x00000000d5580000,0x00000000d5580000,0x00000000d6a00000)
  from space 1024K, 79% used [0x00000000d7100000,0x00000000d71cc020,0x00000000d7200000)
  to   space 2560K, 0% used [0x00000000d6d00000,0x00000000d6d00000,0x00000000d6f80000)
 ParOldGen       total 68608K, used 38006K [0x0000000080000000, 0x0000000084300000, 0x00000000d5580000)
  object space 68608K, 55% used [0x0000000080000000,0x000000008251d800,0x0000000084300000)
 Metaspace       used 52648K, committed 54016K, reserved 1114112K
  class space    used 6210K, committed 6784K, reserved 1048576K
}

