# JRE version: OpenJDK Runtime Environment Temurin-21.0.8+9 (21.0.8+9) (build 21.0.8+9-LTS)
# Java VM: OpenJDK 64-Bit Server VM Temurin-21.0.8+9 (21.0.8+9-LTS, mixed mode, sharing, tiered, compressed oops, compressed class ptrs, parallel gc, windows-amd64)
GC Precious Log:
 CardTable entry size: 512
 CPUs: 12 total, 12 available
 Memory: 16022M
 Large Page Support: Disabled
 NUMA Support: Disabled
 Compressed Oops: Enabled (32-bit)
 Alignments: Space 512K, Generation 512K, Heap 2M
 Heap Min Capacity: 100M
 Heap Initial Capacity: 100M
 Heap Max Capacity: 2G
 Pre-touch: Disabled
 Parallel Workers: 10
Heap:
 PSYoungGen      total 21504K, used 7960K [0x00000000d5580000, 0x00000000d6d00000, 0x0000000100000000)
  eden space 20992K, 35% used [0x00000000d5580000,0x00000000d5cce2b0,0x00000000d6a00000)
  from space 512K, 93% used [0x00000000d6b00000,0x00000000d6b78010,0x00000000d6b80000)
  to   space 1536K, 0% used [0x00000000d6b80000,0x00000000d6b80000,0x00000000d6d00000)
 ParOldGen       total 68608K, used 39567K [0x0000000080000000, 0x0000000084300000, 0x00000000d5580000)
  object space 68608K, 57% used [0x0000000080000000,0x00000000826a3f90,0x0000000084300000)
 Metaspace       used 63012K, committed 64384K, reserved 1114112K
  class space    used 8024K, committed 8640K, reserved 1048576K
GC Heap History (20 events):
Event: 7.382 GC heap before
{Heap before GC invocations=33 (full 3):
 PSYoungGen      total 21504K, used 20992K [0x00000000d5580000, 0x00000000d6d00000, 0x0000000100000000)
  eden space 20992K, 100% used [0x00000000d5580000,0x00000000d6a00000,0x00000000d6a00000)
  from space 512K, 0% used [0x00000000d6b80000,0x00000000d6b80000,0x00000000d6c00000)
  to   space 1024K, 0% used [0x00000000d6c00000,0x00000000d6c00000,0x00000000d6d00000)
 ParOldGen       total 68608K, used 38121K [0x0000000080000000, 0x0000000084300000, 0x00000000d5580000)
  object space 68608K, 55% used [0x0000000080000000,0x000000008253a7d8,0x0000000084300000)
 Metaspace       used 59735K, committed 61056K, reserved 1114112K
  class space    used 7565K, committed 8192K, reserved 1048576K
}
Event: 7.382 GC heap after
{Heap after GC invocations=33 (full 3):
 PSYoungGen      total 22016K, used 576K [0x00000000d5580000, 0x00000000d6d00000, 0x0000000100000000)
  eden space 20992K, 0% used [0x00000000d5580000,0x00000000d5580000,0x00000000d6a00000)
  from space 1024K, 56% used [0x00000000d6c00000,0x00000000d6c90000,0x00000000d6d00000)
  to   space 1024K, 0% used [0x00000000d6b00000,0x00000000d6b00000,0x00000000d6c00000)
 ParOldGen       total 68608K, used 38121K [0x0000000080000000, 0x0000000084300000, 0x00000000d5580000)
  object space 68608K, 55% used [0x0000000080000000,0x000000008253a7d8,0x0000000084300000)
 Metaspace       used 59735K, committed 61056K, reserved 1114112K
  class space    used 7565K, committed 8192K, reserved 1048576K
}
Event: 7.521 GC heap before
{Heap before GC invocations=34 (full 3):
 PSYoungGen      total 22016K, used 21568K [0x00000000d5580000, 0x00000000d6d00000, 0x0000000100000000)
  eden space 20992K, 100% used [0x00000000d5580000,0x00000000d6a00000,0x00000000d6a00000)
  from space 1024K, 56% used [0x00000000d6c00000,0x00000000d6c90000,0x00000000d6d00000)
  to   space 1024K, 0% used [0x00000000d6b00000,0x00000000d6b00000,0x00000000d6c00000)
 ParOldGen       total 68608K, used 38121K [0x0000000080000000, 0x0000000084300000, 0x00000000d5580000)
  object space 68608K, 55% used [0x0000000080000000,0x000000008253a7d8,0x0000000084300000)
 Metaspace       used 59963K, committed 61312K, reserved 1114112K
  class space    used 7599K, committed 8192K, reserved 1048576K
}
Event: 7.522 GC heap after
{Heap after GC invocations=34 (full 3):
 PSYoungGen      total 22016K, used 1007K [0x00000000d5580000, 0x00000000d6e00000, 0x0000000100000000)
  eden space 20992K, 0% used [0x00000000d5580000,0x00000000d5580000,0x00000000d6a00000)
  from space 1024K, 98% used [0x00000000d6b00000,0x00000000d6bfbc10,0x00000000d6c00000)
  to   space 2048K, 0% used [0x00000000d6c00000,0x00000000d6c00000,0x00000000d6e00000)
 ParOldGen       total 68608K, used 38632K [0x0000000080000000, 0x0000000084300000, 0x00000000d5580000)
  object space 68608K, 56% used [0x0000000080000000,0x00000000825ba1d8,0x0000000084300000)
 Metaspace       used 59963K, committed 61312K, reserved 1114112K
  class space    used 7599K, committed 8192K, reserved 1048576K
}
Event: 7.655 GC heap before
{Heap before GC invocations=35 (full 3):
 PSYoungGen      total 22016K, used 21999K [0x00000000d5580000, 0x00000000d6e00000, 0x0000000100000000)
  eden space 20992K, 100% used [0x00000000d5580000,0x00000000d6a00000,0x00000000d6a00000)
  from space 1024K, 98% used [0x00000000d6b00000,0x00000000d6bfbc10,0x00000000d6c00000)
  to   space 2048K, 0% used [0x00000000d6c00000,0x00000000d6c00000,0x00000000d6e00000)
 ParOldGen       total 68608K, used 38632K [0x0000000080000000, 0x0000000084300000, 0x00000000d5580000)
  object space 68608K, 56% used [0x0000000080000000,0x00000000825ba1d8,0x0000000084300000)
 Metaspace       used 59963K, committed 61312K, reserved 1114112K
  class space    used 7599K, committed 8192K, reserved 1048576K
}
Event: 7.656 GC heap after
{Heap after GC invocations=35 (full 3):
 PSYoungGen      total 22528K, used 1193K [0x00000000d5580000, 0x00000000d6d80000, 0x0000000100000000)
  eden space 20992K, 0% used [0x00000000d5580000,0x00000000d5580000,0x00000000d6a00000)
  from space 1536K, 77% used [0x00000000d6c00000,0x00000000d6d2a708,0x00000000d6d80000)
  to   space 1536K, 0% used [0x00000000d6a80000,0x00000000d6a80000,0x00000000d6c00000)
 ParOldGen       total 68608K, used 38784K [0x0000000080000000, 0x0000000084300000, 0x00000000d5580000)
  object space 68608K, 56% used [0x0000000080000000,0x00000000825e01d8,0x0000000084300000)
 Metaspace       used 59963K, committed 61312K, reserved 1114112K
  class space    used 7599K, committed 8192K, reserved 1048576K
}
Event: 7.822 GC heap before
{Heap before GC invocations=36 (full 3):
 PSYoungGen      total 22528K, used 22185K [0x00000000d5580000, 0x00000000d6d80000, 0x0000000100000000)
  eden space 20992K, 100% used [0x00000000d5580000,0x00000000d6a00000,0x00000000d6a00000)
  from space 1536K, 77% used [0x00000000d6c00000,0x00000000d6d2a708,0x00000000d6d80000)
  to   space 1536K, 0% used [0x00000000d6a80000,0x00000000d6a80000,0x00000000d6c00000)
 ParOldGen       total 68608K, used 38784K [0x0000000080000000, 0x0000000084300000, 0x00000000d5580000)
  object space 68608K, 56% used [0x0000000080000000,0x00000000825e01d8,0x0000000084300000)
 Metaspace       used 59963K, committed 61312K, reserved 1114112K
  class space    used 7599K, committed 8192K, reserved 1048576K
}
Event: 7.823 GC heap after
{Heap after GC invocations=36 (full 3):
 PSYoungGen      total 22016K, used 990K [0x00000000d5580000, 0x00000000d6d00000, 0x0000000100000000)
  eden space 20992K, 0% used [0x00000000d5580000,0x00000000d5580000,0x00000000d6a00000)
  from space 1024K, 96% used [0x00000000d6a80000,0x00000000d6b77808,0x00000000d6b80000)
  to   space 1536K, 0% used [0x00000000d6b80000,0x00000000d6b80000,0x00000000d6d00000)
 ParOldGen       total 68608K, used 38848K [0x0000000080000000, 0x0000000084300000, 0x00000000d5580000)
  object space 68608K, 56% used [0x0000000080000000,0x00000000825f01d8,0x0000000084300000)
 Metaspace       used 59963K, committed 61312K, reserved 1114112K
  class space    used 7599K, committed 8192K, reserved 1048576K
}
Event: 7.959 GC heap before
{Heap before GC invocations=37 (full 3):
 PSYoungGen      total 22016K, used 21982K [0x00000000d5580000, 0x00000000d6d00000, 0x0000000100000000)
  eden space 20992K, 100% used [0x00000000d5580000,0x00000000d6a00000,0x00000000d6a00000)
  from space 1024K, 96% used [0x00000000d6a80000,0x00000000d6b77808,0x00000000d6b80000)
  to   space 1536K, 0% used [0x00000000d6b80000,0x00000000d6b80000,0x00000000d6d00000)
 ParOldGen       total 68608K, used 38848K [0x0000000080000000, 0x0000000084300000, 0x00000000d5580000)
  object space 68608K, 56% used [0x0000000080000000,0x00000000825f01d8,0x0000000084300000)
 Metaspace       used 59963K, committed 61312K, reserved 1114112K
  class space    used 7599K, committed 8192K, reserved 1048576K
}
Event: 7.959 GC heap after
{Heap after GC invocations=37 (full 3):
 PSYoungGen      total 22016K, used 944K [0x00000000d5580000, 0x00000000d6c80000, 0x0000000100000000)
  eden space 20992K, 0% used [0x00000000d5580000,0x00000000d5580000,0x00000000d6a00000)
  from space 1024K, 92% used [0x00000000d6b80000,0x00000000d6c6c2d8,0x00000000d6c80000)
  to   space 1024K, 0% used [0x00000000d6a80000,0x00000000d6a80000,0x00000000d6b80000)
 ParOldGen       total 68608K, used 38880K [0x0000000080000000, 0x0000000084300000, 0x00000000d5580000)
  object space 68608K, 56% used [0x0000000080000000,0x00000000825f81d8,0x0000000084300000)
 Metaspace       used 59963K, committed 61312K, reserved 1114112K
  class space    used 7599K, committed 8192K, reserved 1048576K
}
Event: 8.168 GC heap before
{Heap before GC invocations=38 (full 3):
 PSYoungGen      total 22016K, used 21936K [0x00000000d5580000, 0x00000000d6c80000, 0x0000000100000000)
  eden space 20992K, 100% used [0x00000000d5580000,0x00000000d6a00000,0x00000000d6a00000)
  from space 1024K, 92% used [0x00000000d6b80000,0x00000000d6c6c2d8,0x00000000d6c80000)
  to   space 1024K, 0% used [0x00000000d6a80000,0x00000000d6a80000,0x00000000d6b80000)
 ParOldGen       total 68608K, used 38880K [0x0000000080000000, 0x0000000084300000, 0x00000000d5580000)
  object space 68608K, 56% used [0x0000000080000000,0x00000000825f81d8,0x0000000084300000)
 Metaspace       used 59963K, committed 61312K, reserved 1114112K
  class space    used 7599K, committed 8192K, reserved 1048576K
}
Event: 8.169 GC heap after
{Heap after GC invocations=38 (full 3):
 PSYoungGen      total 22016K, used 668K [0x00000000d5580000, 0x00000000d6c00000, 0x0000000100000000)
  eden space 20992K, 0% used [0x00000000d5580000,0x00000000d5580000,0x00000000d6a00000)
  from space 1024K, 65% used [0x00000000d6a80000,0x00000000d6b27228,0x00000000d6b80000)
  to   space 512K, 0% used [0x00000000d6b80000,0x00000000d6b80000,0x00000000d6c00000)
 ParOldGen       total 68608K, used 38912K [0x0000000080000000, 0x0000000084300000, 0x00000000d5580000)
  object space 68608K, 56% used [0x0000000080000000,0x00000000826001d8,0x0000000084300000)
 Metaspace       used 59963K, committed 61312K, reserved 1114112K
  class space    used 7599K, committed 8192K, reserved 1048576K
}
Event: 8.347 GC heap before
{Heap before GC invocations=39 (full 3):
 PSYoungGen      total 22016K, used 21660K [0x00000000d5580000, 0x00000000d6c00000, 0x0000000100000000)
  eden space 20992K, 100% used [0x00000000d5580000,0x00000000d6a00000,0x00000000d6a00000)
  from space 1024K, 65% used [0x00000000d6a80000,0x00000000d6b27228,0x00000000d6b80000)
  to   space 512K, 0% used [0x00000000d6b80000,0x00000000d6b80000,0x00000000d6c00000)
 ParOldGen       total 68608K, used 38912K [0x0000000080000000, 0x0000000084300000, 0x00000000d5580000)
  object space 68608K, 56% used [0x0000000080000000,0x00000000826001d8,0x0000000084300000)
 Metaspace       used 59963K, committed 61312K, reserved 1114112K
  class space    used 7599K, committed 8192K, reserved 1048576K
}
Event: 8.347 GC heap after
{Heap after GC invocations=39 (full 3):
 PSYoungGen      total 21504K, used 256K [0x00000000d5580000, 0x00000000d6c00000, 0x0000000100000000)
  eden space 20992K, 0% used [0x00000000d5580000,0x00000000d5580000,0x00000000d6a00000)
  from space 512K, 50% used [0x00000000d6b80000,0x00000000d6bc0000,0x00000000d6c00000)
  to   space 512K, 0% used [0x00000000d6b00000,0x00000000d6b00000,0x00000000d6b80000)
 ParOldGen       total 68608K, used 38944K [0x0000000080000000, 0x0000000084300000, 0x00000000d5580000)
  object space 68608K, 56% used [0x0000000080000000,0x00000000826081d8,0x0000000084300000)
 Metaspace       used 59963K, committed 61312K, reserved 1114112K
  class space    used 7599K, committed 8192K, reserved 1048576K
}
Event: 8.530 GC heap before
{Heap before GC invocations=40 (full 3):
 PSYoungGen      total 21504K, used 21226K [0x00000000d5580000, 0x00000000d6c00000, 0x0000000100000000)
  eden space 20992K, 99% used [0x00000000d5580000,0x00000000d69fa928,0x00000000d6a00000)
  from space 512K, 50% used [0x00000000d6b80000,0x00000000d6bc0000,0x00000000d6c00000)
  to   space 512K, 0% used [0x00000000d6b00000,0x00000000d6b00000,0x00000000d6b80000)
 ParOldGen       total 68608K, used 38944K [0x0000000080000000, 0x0000000084300000, 0x00000000d5580000)
  object space 68608K, 56% used [0x0000000080000000,0x00000000826081d8,0x0000000084300000)
 Metaspace       used 59963K, committed 61312K, reserved 1114112K
  class space    used 7599K, committed 8192K, reserved 1048576K
}
Event: 8.531 GC heap after
{Heap after GC invocations=40 (full 3):
 PSYoungGen      total 21504K, used 261K [0x00000000d5580000, 0x00000000d6c00000, 0x0000000100000000)
  eden space 20992K, 0% used [0x00000000d5580000,0x00000000d5580000,0x00000000d6a00000)
  from space 512K, 51% used [0x00000000d6b00000,0x00000000d6b414d8,0x00000000d6b80000)
  to   space 512K, 0% used [0x00000000d6b80000,0x00000000d6b80000,0x00000000d6c00000)
 ParOldGen       total 68608K, used 38976K [0x0000000080000000, 0x0000000084300000, 0x00000000d5580000)
  object space 68608K, 56% used [0x0000000080000000,0x00000000826101d8,0x0000000084300000)
 Metaspace       used 59963K, committed 61312K, reserved 1114112K
  class space    used 7599K, committed 8192K, reserved 1048576K
}
Event: 8.668 GC heap before
{Heap before GC invocations=41 (full 3):
 PSYoungGen      total 21504K, used 21253K [0x00000000d5580000, 0x00000000d6c00000, 0x0000000100000000)
  eden space 20992K, 100% used [0x00000000d5580000,0x00000000d6a00000,0x00000000d6a00000)
  from space 512K, 51% used [0x00000000d6b00000,0x00000000d6b414d8,0x00000000d6b80000)
  to   space 512K, 0% used [0x00000000d6b80000,0x00000000d6b80000,0x00000000d6c00000)
 ParOldGen       total 68608K, used 38976K [0x0000000080000000, 0x0000000084300000, 0x00000000d5580000)
  object space 68608K, 56% used [0x0000000080000000,0x00000000826101d8,0x0000000084300000)
 Metaspace       used 59963K, committed 61312K, reserved 1114112K
  class space    used 7599K, committed 8192K, reserved 1048576K
}
Event: 8.668 GC heap after
{Heap after GC invocations=41 (full 3):
 PSYoungGen      total 21504K, used 288K [0x00000000d5580000, 0x00000000d6c00000, 0x0000000100000000)
  eden space 20992K, 0% used [0x00000000d5580000,0x00000000d5580000,0x00000000d6a00000)
  from space 512K, 56% used [0x00000000d6b80000,0x00000000d6bc8000,0x00000000d6c00000)
  to   space 512K, 0% used [0x00000000d6b00000,0x00000000d6b00000,0x00000000d6b80000)
 ParOldGen       total 68608K, used 39068K [0x0000000080000000, 0x0000000084300000, 0x00000000d5580000)
  object space 68608K, 56% used [0x0000000080000000,0x00000000826272a8,0x0000000084300000)
 Metaspace       used 59963K, committed 61312K, reserved 1114112K
  class space    used 7599K, committed 8192K, reserved 1048576K
}
Event: 9.061 GC heap before
{Heap before GC invocations=42 (full 3):
 PSYoungGen      total 21504K, used 21280K [0x00000000d5580000, 0x00000000d6c00000, 0x0000000100000000)
  eden space 20992K, 100% used [0x00000000d5580000,0x00000000d6a00000,0x00000000d6a00000)
  from space 512K, 56% used [0x00000000d6b80000,0x00000000d6bc8000,0x00000000d6c00000)
  to   space 512K, 0% used [0x00000000d6b00000,0x00000000d6b00000,0x00000000d6b80000)
 ParOldGen       total 68608K, used 39068K [0x0000000080000000, 0x0000000084300000, 0x00000000d5580000)
  object space 68608K, 56% used [0x0000000080000000,0x00000000826272a8,0x0000000084300000)
 Metaspace       used 62564K, committed 64000K, reserved 1114112K
  class space    used 7967K, committed 8640K, reserved 1048576K
}
Event: 9.063 GC heap after
{Heap after GC invocations=42 (full 3):
 PSYoungGen      total 21504K, used 480K [0x00000000d5580000, 0x00000000d6d00000, 0x0000000100000000)
  eden space 20992K, 0% used [0x00000000d5580000,0x00000000d5580000,0x00000000d6a00000)
  from space 512K, 93% used [0x00000000d6b00000,0x00000000d6b78010,0x00000000d6b80000)
  to   space 1536K, 0% used [0x00000000d6b80000,0x00000000d6b80000,0x00000000d6d00000)
 ParOldGen       total 68608K, used 39567K [0x0000000080000000, 0x0000000084300000, 0x00000000d5580000)
  object space 68608K, 57% used [0x0000000080000000,0x00000000826a3f90,0x0000000084300000)
 Metaspace       used 62564K, committed 64000K, reserved 1114112K
  class space    used 7967K, committed 8640K, reserved 1048576K
}

