# JRE version: OpenJDK Runtime Environment Temurin-17.0.11+9 (17.0.11+9) (build 17.0.11+9)
# Java VM: OpenJDK 64-Bit Server VM Temurin-17.0.11+9 (17.0.11+9, mixed mode, sharing, tiered, compressed oops, compressed class ptrs, g1 gc, windows-amd64)
GC Precious Log:
 CPUs: 12 total, 12 available
 Memory: 16022M
 Large Page Support: Disabled
 NUMA Support: Disabled
 Compressed Oops: Enabled (32-bit)
 Heap Region Size: 1M
 Heap Min Capacity: 256M
 Heap Initial Capacity: 256M
 Heap Max Capacity: 512M
 Pre-touch: Disabled
 Parallel Workers: 10
 Concurrent Workers: 3
 Concurrent Refinement Workers: 10
 Periodic GC: Disabled
Heap:
 garbage-first heap   total 262144K, used 80351K [0x00000000e0000000, 0x0000000100000000)
  region size 1024K, 68 young (69632K), 17 survivors (17408K)
 Metaspace       used 40202K, committed 40768K, reserved 393216K
  class space    used 5676K, committed 5952K, reserved 327680K
GC Heap History (10 events):
Event: 0.575 GC heap before
{Heap before GC invocations=0 (full 0):
 garbage-first heap   total 262144K, used 22528K [0x00000000e0000000, 0x0000000100000000)
  region size 1024K, 23 young (23552K), 0 survivors (0K)
 Metaspace       used 1113K, committed 1280K, reserved 393216K
  class space    used 73K, committed 128K, reserved 327680K
}
Event: 0.578 GC heap after
{Heap after GC invocations=1 (full 0):
 garbage-first heap   total 262144K, used 4487K [0x00000000e0000000, 0x0000000100000000)
  region size 1024K, 3 young (3072K), 3 survivors (3072K)
 Metaspace       used 1113K, committed 1280K, reserved 393216K
  class space    used 73K, committed 128K, reserved 327680K
}
Event: 1.444 GC heap before
{Heap before GC invocations=1 (full 0):
 garbage-first heap   total 262144K, used 40327K [0x00000000e0000000, 0x0000000100000000)
  region size 1024K, 35 young (35840K), 3 survivors (3072K)
 Metaspace       used 4542K, committed 4736K, reserved 393216K
  class space    used 572K, committed 640K, reserved 327680K
}
Event: 1.448 GC heap after
{Heap after GC invocations=2 (full 0):
 garbage-first heap   total 262144K, used 11030K [0x00000000e0000000, 0x0000000100000000)
  region size 1024K, 4 young (4096K), 4 survivors (4096K)
 Metaspace       used 4542K, committed 4736K, reserved 393216K
  class space    used 572K, committed 640K, reserved 327680K
}
Event: 2.137 GC heap before
{Heap before GC invocations=2 (full 0):
 garbage-first heap   total 262144K, used 60182K [0x00000000e0000000, 0x0000000100000000)
  region size 1024K, 50 young (51200K), 4 survivors (4096K)
 Metaspace       used 6157K, committed 6400K, reserved 393216K
  class space    used 823K, committed 960K, reserved 327680K
}
Event: 2.142 GC heap after
{Heap after GC invocations=3 (full 0):
 garbage-first heap   total 262144K, used 17408K [0x00000000e0000000, 0x0000000100000000)
  region size 1024K, 7 young (7168K), 7 survivors (7168K)
 Metaspace       used 6157K, committed 6400K, reserved 393216K
  class space    used 823K, committed 960K, reserved 327680K
}
Event: 4.573 GC heap before
{Heap before GC invocations=3 (full 0):
 garbage-first heap   total 262144K, used 110592K [0x00000000e0000000, 0x0000000100000000)
  region size 1024K, 98 young (100352K), 7 survivors (7168K)
 Metaspace       used 21217K, committed 21504K, reserved 393216K
  class space    used 2962K, committed 3136K, reserved 327680K
}
Event: 4.582 GC heap after
{Heap after GC invocations=4 (full 0):
 garbage-first heap   total 262144K, used 23254K [0x00000000e0000000, 0x0000000100000000)
  region size 1024K, 13 young (13312K), 13 survivors (13312K)
 Metaspace       used 21217K, committed 21504K, reserved 393216K
  class space    used 2962K, committed 3136K, reserved 327680K
}
Event: 7.087 GC heap before
{Heap before GC invocations=5 (full 0):
 garbage-first heap   total 262144K, used 132822K [0x00000000e0000000, 0x0000000100000000)
  region size 1024K, 122 young (124928K), 13 survivors (13312K)
 Metaspace       used 35598K, committed 36096K, reserved 393216K
  class space    used 5001K, committed 5248K, reserved 327680K
}
Event: 7.099 GC heap after
{Heap after GC invocations=6 (full 0):
 garbage-first heap   total 262144K, used 30175K [0x00000000e0000000, 0x0000000100000000)
  region size 1024K, 17 young (17408K), 17 survivors (17408K)
 Metaspace       used 35598K, committed 36096K, reserved 393216K
  class space    used 5001K, committed 5248K, reserved 327680K
}

